<?xml version="1.0" encoding="UTF-8"?>
<!-- Generated by org.testng.reporters.JUnitXMLReporter -->
<testsuite hostname="BLT0007-PC" name="Test" tests="1" failures="1" timestamp="26 Apr 2016 19:18:27 GMT" time="38.325" errors="0">
  <testcase name="f" time="38.294" classname="Appium.Process">
    <failure type="org.openqa.selenium.NoSuchElementException" message="An element could not be located on the page using the given search parameters. (WARNING: The server did not provide any stacktrace information)
Command duration or timeout: 20.32 seconds
For documentation on this error, please visit: http://seleniumhq.org/exceptions/no_such_element.html
Build info: version: &amp;apos;2.52.0&amp;apos;, revision: &amp;apos;4c2593c&amp;apos;, time: &amp;apos;2016-02-11 19:03:33&amp;apos;
System info: host: &amp;apos;BLT0007-PC&amp;apos;, ip: &amp;apos;192.168.1.182&amp;apos;, os.name: &amp;apos;Windows 8.1&amp;apos;, os.arch: &amp;apos;amd64&amp;apos;, os.version: &amp;apos;6.3&amp;apos;, java.version: &amp;apos;1.8.0_05&amp;apos;
Driver info: org.openqa.selenium.remote.RemoteWebDriver
Capabilities [{app=http://192.168.1.184:9090/jenkins/job/Project1_TObject/lastSuccessfulBuild/artifact/app/build/outputs/apk/app-debug.apk, appPackage=com.example.android.testing.unittesting.BasicSample, networkConnectionEnabled=true, warnings={}, databaseEnabled=false, deviceName=J668A1ZR5B101972, platform=LINUX, appActivity=com.example.android.testing.unittesting.BasicSample.MainActivity, desired={app=http://192.168.1.184:9090/jenkins/job/Project1_TObject/lastSuccessfulBuild/artifact/app/build/outputs/apk/app-debug.apk, appPackage=com.example.android.testing.unittesting.BasicSample, appActivity=com.example.android.testing.unittesting.BasicSample.MainActivity, platformVersion=5.1, browserName=Android, platformName=Android, deviceName=J668A1ZR5B101972}, platformVersion=5.1, webStorageEnabled=false, locationContextEnabled=false, browserName=Android, takesScreenshot=true, javascriptEnabled=true, platformName=Android}]
Session ID: 8939c5c5-ec53-4b6b-ab3e-a099c05dc98b
*** Element info: {Using=xpath, value=//android.widget.Button[contains(@bounds,&amp;apos;[192,655][384,853]&amp;apos;)]}">
      <![CDATA[org.openqa.selenium.NoSuchElementException: An element could not be located on the page using the given search parameters. (WARNING: The server did not provide any stacktrace information)
Command duration or timeout: 20.32 seconds
For documentation on this error, please visit: http://seleniumhq.org/exceptions/no_such_element.html
Build info: version: '2.52.0', revision: '4c2593c', time: '2016-02-11 19:03:33'
System info: host: 'BLT0007-PC', ip: '192.168.1.182', os.name: 'Windows 8.1', os.arch: 'amd64', os.version: '6.3', java.version: '1.8.0_05'
Driver info: org.openqa.selenium.remote.RemoteWebDriver
Capabilities [{app=http://192.168.1.184:9090/jenkins/job/Project1_TObject/lastSuccessfulBuild/artifact/app/build/outputs/apk/app-debug.apk, appPackage=com.example.android.testing.unittesting.BasicSample, networkConnectionEnabled=true, warnings={}, databaseEnabled=false, deviceName=J668A1ZR5B101972, platform=LINUX, appActivity=com.example.android.testing.unittesting.BasicSample.MainActivity, desired={app=http://192.168.1.184:9090/jenkins/job/Project1_TObject/lastSuccessfulBuild/artifact/app/build/outputs/apk/app-debug.apk, appPackage=com.example.android.testing.unittesting.BasicSample, appActivity=com.example.android.testing.unittesting.BasicSample.MainActivity, platformVersion=5.1, browserName=Android, platformName=Android, deviceName=J668A1ZR5B101972}, platformVersion=5.1, webStorageEnabled=false, locationContextEnabled=false, browserName=Android, takesScreenshot=true, javascriptEnabled=true, platformName=Android}]
Session ID: 8939c5c5-ec53-4b6b-ab3e-a099c05dc98b
*** Element info: {Using=xpath, value=//android.widget.Button[contains(@bounds,'[192,655][384,853]')]}
	at org.openqa.selenium.remote.ErrorHandler.createThrowable(ErrorHandler.java:206)
	at org.openqa.selenium.remote.ErrorHandler.throwIfResponseFailed(ErrorHandler.java:158)
	at org.openqa.selenium.remote.RemoteWebDriver.execute(RemoteWebDriver.java:678)
	at org.openqa.selenium.remote.RemoteWebDriver.findElement(RemoteWebDriver.java:363)
	at org.openqa.selenium.remote.RemoteWebDriver.findElementByXPath(RemoteWebDriver.java:500)
	at org.openqa.selenium.By$ByXPath.findElement(By.java:361)
	at org.openqa.selenium.remote.RemoteWebDriver.findElement(RemoteWebDriver.java:355)
	at Appium.Process.f(Process.java:29)
	at java.util.concurrent.ThreadPoolExecutor.runWorker(Unknown Source)
	at java.util.concurrent.ThreadPoolExecutor$Worker.run(Unknown Source)
	at java.lang.Thread.run(Unknown Source)
... Removed 14 stack frames]]>
    </failure>
  </testcase> <!-- f -->
</testsuite> <!-- Test -->
